<?xml version="1.0" encoding="UTF-8"?>
<!-- Generated by org.testng.reporters.JUnitXMLReporter -->
<testsuite ignored="0" hostname="DESKTOP-958FB9I" failures="0" tests="3" name="Default test" time="23.779" errors="0" timestamp="2024-05-28T10:33:37 IST">
  <testcase classname="ParllelTesting.TestGuru99MultipleSession" name="executeSessionOne" time="7.978"/>
  <testcase classname="ParllelTesting.TestGuru99MultipleSession" name="executeSessionTwo" time="5.18"/>
  <testcase classname="ParllelTesting.TestGuru99MultipleSession" name="executeSessionThree" time="10.566"/>
</testsuite> <!-- Default test -->
