<?xml version="1.0" encoding="UTF-8"?>
<testng-results ignored="0" total="3" passed="3" failed="0" skipped="0">
  <reporter-output>
  </reporter-output>
  <suite started-at="2024-05-28T10:33:13 IST" name="Default suite" finished-at="2024-05-28T10:33:37 IST" duration-ms="23779">
    <groups>
    </groups>
    <test started-at="2024-05-28T10:33:13 IST" name="Default test" finished-at="2024-05-28T10:33:37 IST" duration-ms="23779">
      <class name="ParllelTesting.TestGuru99MultipleSession">
        <test-method signature="executeSessionOne()[pri:1, instance:ParllelTesting.TestGuru99MultipleSession@27ce24aa]" started-at="2024-05-28T10:33:13 IST" name="executeSessionOne" finished-at="2024-05-28T10:33:21 IST" duration-ms="7978" status="PASS">
          <reporter-output>
          </reporter-output>
        </test-method> <!-- executeSessionOne -->
        <test-method signature="executeSessionTwo()[pri:2, instance:ParllelTesting.TestGuru99MultipleSession@27ce24aa]" started-at="2024-05-28T10:33:21 IST" name="executeSessionTwo" finished-at="2024-05-28T10:33:26 IST" duration-ms="5180" status="PASS">
          <reporter-output>
          </reporter-output>
        </test-method> <!-- executeSessionTwo -->
        <test-method signature="executeSessionThree()[pri:3, instance:ParllelTesting.TestGuru99MultipleSession@27ce24aa]" started-at="2024-05-28T10:33:26 IST" name="executeSessionThree" finished-at="2024-05-28T10:33:37 IST" duration-ms="10566" status="PASS">
          <reporter-output>
          </reporter-output>
        </test-method> <!-- executeSessionThree -->
      </class> <!-- ParllelTesting.TestGuru99MultipleSession -->
    </test> <!-- Default test -->
  </suite> <!-- Default suite -->
</testng-results>
